Running altool at path '/Applications/Xcode_16.4.app/Contents/SharedFrameworks/ContentDeliveryServices.framework/Frameworks/AppStoreService.framework/Support/altool'...
2026-03-25 05:51:33.894 ERROR: [altool.600000E841C0] [ContentDelivery.Uploader.600000E841C0] Validation failed (409) Invalid Version. The build with the version “1.0.1” can’t be imported because a later version has been closed for new build submissions. Choose a different version number. (ID: 5ca42343-8ec8-47f2-824e-bf60389cddc8)
2026-03-25 05:51:33.895 ERROR: [altool.600000E841C0] [ContentDelivery.Uploader.600000E841C0] Validation failed (409) Invalid Pre-Release Train. The train version '1.0.0' is closed for new build submissions (ID: 1c2545eb-7e3d-49cc-bdf4-d9124729aa9d)
2026-03-25 05:51:33.895 ERROR: [altool.600000E841C0] [ContentDelivery.Uploader.600000E841C0] Validation failed (409) This bundle is invalid. The value for key CFBundleShortVersionString [1.0.0] in the Info.plist file must contain a higher version than that of the previously approved version [1.0.1]. Please find more information about CFBundleShortVersionString at https://developer.apple.com/documentation/bundleresources/information_property_list/cfbundleshortversionstring (ID: f499bbae-639f-4658-b323-d67d3cf07d7e)
2026-03-25 05:51:46.515  INFO: [altool.600000E841C0] [ContentDelivery.Uploader.600000E841C0] 
=======================================
UPLOAD FAILED with 3 errors, 0 warnings, 0 messages
=======================================
2026-03-25 05:51:46.519 ERROR: [altool.600000E841C0] Error uploading 'AlarmScheduler.ipa/AlarmScheduler.ipa'.
2026-03-25 05:51:46.520 ERROR: [altool.600000E841C0] Validation failed Invalid Version. The build with the version “1.0.1” can’t be imported because a later version has been closed for new build submissions. Choose a different version number. (ID: 5ca42343-8ec8-47f2-824e-bf60389cddc8) (409)
 {
    NSLocalizedDescription = "Validation failed";
    NSLocalizedFailureReason = "Invalid Version. The build with the version \U201c1.0.1\U201d can\U2019t be imported because a later version has been closed for new build submissions. Choose a different version number. (ID: 5ca42343-8ec8-47f2-824e-bf60389cddc8)";
    NSUnderlyingError = "Error Domain=IrisAPI Code=-19241 \"Validation failed\" UserInfo={status=409, detail=Invalid Version. The build with the version \U201c1.0.1\U201d can\U2019t be imported because a later version has been closed for new build submissions. Choose a different version number., id=5ca42343-8ec8-47f2-824e-bf60389cddc8, code=STATE_ERROR.VALIDATION_ERROR, title=Validation failed, NSLocalizedFailureReason=Invalid Version. The build with the version \U201c1.0.1\U201d can\U2019t be imported because a later version has been closed for new build submissions. Choose a different version number., NSLocalizedDescription=Validation failed}";
    "iris-code" = "STATE_ERROR.VALIDATION_ERROR";
}
2026-03-25 05:51:46.520 ERROR: [altool.600000E841C0] Validation failed Invalid Pre-Release Train. The train version '1.0.0' is closed for new build submissions (ID: 1c2545eb-7e3d-49cc-bdf4-d9124729aa9d) (409)
 {
    NSLocalizedDescription = "Validation failed";
    NSLocalizedFailureReason = "Invalid Pre-Release Train. The train version '1.0.0' is closed for new build submissions (ID: 1c2545eb-7e3d-49cc-bdf4-d9124729aa9d)";
    NSUnderlyingError = "Error Domain=IrisAPI Code=-19241 \"Validation failed\" UserInfo={status=409, detail=Invalid Pre-Release Train. The train version '1.0.0' is closed for new build submissions, id=1c2545eb-7e3d-49cc-bdf4-d9124729aa9d, code=STATE_ERROR.VALIDATION_ERROR, title=Validation failed, NSLocalizedFailureReason=Invalid Pre-Release Train. The train version '1.0.0' is closed for new build submissions, NSLocalizedDescription=Validation failed}";
    "iris-code" = "STATE_ERROR.VALIDATION_ERROR";
}
2026-03-25 05:51:46.520 ERROR: [altool.600000E841C0] Validation failed This bundle is invalid. The value for key CFBundleShortVersionString [1.0.0] in the Info.plist file must contain a higher version than that of the previously approved version [1.0.1]. Please find more information about CFBundleShortVersionString at https://developer.apple.com/documentation/bundleresources/information_property_list/cfbundleshortversionstring (ID: f499bbae-639f-4658-b323-d67d3cf07d7e) (409)
 {
    NSLocalizedDescription = "Validation failed";
    NSLocalizedFailureReason = "This bundle is invalid. The value for key CFBundleShortVersionString [1.0.0] in the Info.plist file must contain a higher version than that of the previously approved version [1.0.1]. Please find more information about CFBundleShortVersionString at https://developer.apple.com/documentation/bundleresources/information_property_list/cfbundleshortversionstring (ID: f499bbae-639f-4658-b323-d67d3cf07d7e)";
    NSUnderlyingError = "Error Domain=IrisAPI Code=-19241 \"Validation failed\" UserInfo={status=409, detail=This bundle is invalid. The value for key CFBundleShortVersionString [1.0.0] in the Info.plist file must contain a higher version than that of the previously approved version [1.0.1]. Please find more information about CFBundleShortVersionString at https://developer.apple.com/documentation/bundleresources/information_property_list/cfbundleshortversionstring, id=f499bbae-639f-4658-b323-d67d3cf07d7e, code=STATE_ERROR.VALIDATION_ERROR, title=Validation failed, NSLocalizedFailureReason=This bundle is invalid. The value for key CFBundleShortVersionString [1.0.0] in the Info.plist file must contain a higher version than that of the previously approved version [1.0.1]. Please find more information about CFBundleShortVersionString at https://developer.apple.com/documentation/bundleresources/information_property_list/cfbundleshortversionstring, NSLocalizedDescription=Validation failed}";
    "iris-code" = "STATE_ERROR.VALIDATION_ERROR";
}
